This file contains any messages produced by compilers while
running configure, to aid debugging if configure makes a mistake.

It was created by didiwiki configure 1.7.3, which was
generated by GNU Autoconf 2.68.  Invocation command line was

  $ ./configure 

## --------- ##
## Platform. ##
## --------- ##

hostname = inphilly-HP
uname -m = x86_64
uname -r = 3.2.0-56-generic
uname -s = Linux
uname -v = #86-Ubuntu SMP Wed Oct 23 09:20:45 UTC 2013

/usr/bin/uname -p = unknown
/bin/uname -X     = unknown

/bin/arch              = unknown
/usr/bin/arch -k       = unknown
/usr/convex/getsysinfo = unknown
/usr/bin/hostinfo      = unknown
/bin/machine           = unknown
/usr/bin/oslevel       = unknown
/bin/universe          = unknown

PATH: /usr/lib/lightdm/lightdm
PATH: /usr/local/sbin
PATH: /usr/local/bin
PATH: /usr/sbin
PATH: /usr/bin
PATH: /sbin
PATH: /bin
PATH: /usr/games


## ----------- ##
## Core tests. ##
## ----------- ##

configure:2221: checking for a BSD-compatible install
configure:2289: result: /usr/bin/install -c
configure:2300: checking whether build environment is sane
configure:2350: result: yes
configure:2491: checking for a thread-safe mkdir -p
configure:2530: result: /bin/mkdir -p
configure:2543: checking for gawk
configure:2559: found /usr/bin/gawk
configure:2570: result: gawk
configure:2581: checking whether make sets $(MAKE)
configure:2603: result: yes
configure:2733: checking for gcc
configure:2749: found /usr/bin/gcc
configure:2760: result: gcc
configure:2989: checking for C compiler version
configure:2998: gcc --version >&5
gcc (Ubuntu/Linaro 4.6.3-1ubuntu5) 4.6.3
Copyright (C) 2011 Free Software Foundation, Inc.
This is free software; see the source for copying conditions.  There is NO
warranty; not even for MERCHANTABILITY or FITNESS FOR A PARTICULAR PURPOSE.

configure:3009: $? = 0
configure:2998: gcc -v >&5
Using built-in specs.
COLLECT_GCC=gcc
COLLECT_LTO_WRAPPER=/usr/lib/gcc/x86_64-linux-gnu/4.6/lto-wrapper
Target: x86_64-linux-gnu
Configured with: ../src/configure -v --with-pkgversion='Ubuntu/Linaro 4.6.3-1ubuntu5' --with-bugurl=file:///usr/share/doc/gcc-4.6/README.Bugs --enable-languages=c,c++,fortran,objc,obj-c++ --prefix=/usr --program-suffix=-4.6 --enable-shared --enable-linker-build-id --with-system-zlib --libexecdir=/usr/lib --without-included-gettext --enable-threads=posix --with-gxx-include-dir=/usr/include/c++/4.6 --libdir=/usr/lib --enable-nls --with-sysroot=/ --enable-clocale=gnu --enable-libstdcxx-debug --enable-libstdcxx-time=yes --enable-gnu-unique-object --enable-plugin --enable-objc-gc --disable-werror --with-arch-32=i686 --with-tune=generic --enable-checking=release --build=x86_64-linux-gnu --host=x86_64-linux-gnu --target=x86_64-linux-gnu
Thread model: posix
gcc version 4.6.3 (Ubuntu/Linaro 4.6.3-1ubuntu5) 
configure:3009: $? = 0
configure:2998: gcc -V >&5
gcc: error: unrecognized option '-V'
gcc: fatal error: no input files
compilation terminated.
configure:3009: $? = 4
configure:2998: gcc -qversion >&5
gcc: error: unrecognized option '-qversion'
gcc: fatal error: no input files
compilation terminated.
configure:3009: $? = 4
configure:3029: checking whether the C compiler works
configure:3051: gcc    conftest.c  >&5
configure:3055: $? = 0
configure:3103: result: yes
configure:3106: checking for C compiler default output file name
configure:3108: result: a.out
configure:3114: checking for suffix of executables
configure:3121: gcc -o conftest    conftest.c  >&5
configure:3125: $? = 0
configure:3147: result: 
configure:3169: checking whether we are cross compiling
configure:3177: gcc -o conftest    conftest.c  >&5
configure:3181: $? = 0
configure:3188: ./conftest
configure:3192: $? = 0
configure:3207: result: no
configure:3212: checking for suffix of object files
configure:3234: gcc -c   conftest.c >&5
configure:3238: $? = 0
configure:3259: result: o
configure:3263: checking whether we are using the GNU C compiler
configure:3282: gcc -c   conftest.c >&5
configure:3282: $? = 0
configure:3291: result: yes
configure:3300: checking whether gcc accepts -g
configure:3320: gcc -c -g  conftest.c >&5
configure:3320: $? = 0
configure:3361: result: yes
configure:3378: checking for gcc option to accept ISO C89
configure:3442: gcc  -c -g -O2  conftest.c >&5
configure:3442: $? = 0
configure:3455: result: none needed
configure:3486: checking for style of include used by make
configure:3514: result: GNU
configure:3540: checking dependency style of gcc
configure:3651: result: gcc3
configure:3674: checking for dirent.h that defines DIR
configure:3693: gcc -c -g -O2  conftest.c >&5
configure:3693: $? = 0
configure:3701: result: yes
configure:3714: checking for library containing opendir
configure:3745: gcc -o conftest -g -O2   conftest.c  >&5
configure:3745: $? = 0
configure:3762: result: none required
configure:3834: checking how to run the C preprocessor
configure:3865: gcc -E  conftest.c
configure:3865: $? = 0
configure:3879: gcc -E  conftest.c
conftest.c:12:28: fatal error: ac_nonexistent.h: No such file or directory
compilation terminated.
configure:3879: $? = 1
configure: failed program was:
| /* confdefs.h */
| #define PACKAGE_NAME "didiwiki"
| #define PACKAGE_TARNAME "didiwiki"
| #define PACKAGE_VERSION "1.7.3"
| #define PACKAGE_STRING "didiwiki 1.7.3"
| #define PACKAGE_BUGREPORT "texlexan@gmail.com"
| #define PACKAGE_URL ""
| #define PACKAGE "didiwiki"
| #define VERSION "1.7.3"
| #define HAVE_DIRENT_H 1
| /* end confdefs.h.  */
| #include <ac_nonexistent.h>
configure:3904: result: gcc -E
configure:3924: gcc -E  conftest.c
configure:3924: $? = 0
configure:3938: gcc -E  conftest.c
conftest.c:12:28: fatal error: ac_nonexistent.h: No such file or directory
compilation terminated.
configure:3938: $? = 1
configure: failed program was:
| /* confdefs.h */
| #define PACKAGE_NAME "didiwiki"
| #define PACKAGE_TARNAME "didiwiki"
| #define PACKAGE_VERSION "1.7.3"
| #define PACKAGE_STRING "didiwiki 1.7.3"
| #define PACKAGE_BUGREPORT "texlexan@gmail.com"
| #define PACKAGE_URL ""
| #define PACKAGE "didiwiki"
| #define VERSION "1.7.3"
| #define HAVE_DIRENT_H 1
| /* end confdefs.h.  */
| #include <ac_nonexistent.h>
configure:3967: checking for grep that handles long lines and -e
configure:4025: result: /bin/grep
configure:4030: checking for egrep
configure:4092: result: /bin/grep -E
configure:4097: checking for ANSI C header files
configure:4117: gcc -c -g -O2  conftest.c >&5
configure:4117: $? = 0
configure:4190: gcc -o conftest -g -O2   conftest.c  >&5
configure:4190: $? = 0
configure:4190: ./conftest
configure:4190: $? = 0
configure:4201: result: yes
configure:4209: checking for sys/wait.h that is POSIX.1 compatible
configure:4235: gcc -c -g -O2  conftest.c >&5
configure:4235: $? = 0
configure:4242: result: yes
configure:4255: checking for sys/types.h
configure:4255: gcc -c -g -O2  conftest.c >&5
configure:4255: $? = 0
configure:4255: result: yes
configure:4255: checking for sys/stat.h
configure:4255: gcc -c -g -O2  conftest.c >&5
configure:4255: $? = 0
configure:4255: result: yes
configure:4255: checking for stdlib.h
configure:4255: gcc -c -g -O2  conftest.c >&5
configure:4255: $? = 0
configure:4255: result: yes
configure:4255: checking for string.h
configure:4255: gcc -c -g -O2  conftest.c >&5
configure:4255: $? = 0
configure:4255: result: yes
configure:4255: checking for memory.h
configure:4255: gcc -c -g -O2  conftest.c >&5
configure:4255: $? = 0
configure:4255: result: yes
configure:4255: checking for strings.h
configure:4255: gcc -c -g -O2  conftest.c >&5
configure:4255: $? = 0
configure:4255: result: yes
configure:4255: checking for inttypes.h
configure:4255: gcc -c -g -O2  conftest.c >&5
configure:4255: $? = 0
configure:4255: result: yes
configure:4255: checking for stdint.h
configure:4255: gcc -c -g -O2  conftest.c >&5
configure:4255: $? = 0
configure:4255: result: yes
configure:4255: checking for unistd.h
configure:4255: gcc -c -g -O2  conftest.c >&5
configure:4255: $? = 0
configure:4255: result: yes
configure:4270: checking arpa/inet.h usability
configure:4270: gcc -c -g -O2  conftest.c >&5
configure:4270: $? = 0
configure:4270: result: yes
configure:4270: checking arpa/inet.h presence
configure:4270: gcc -E  conftest.c
configure:4270: $? = 0
configure:4270: result: yes
configure:4270: checking for arpa/inet.h
configure:4270: result: yes
configure:4270: checking netinet/in.h usability
configure:4270: gcc -c -g -O2  conftest.c >&5
configure:4270: $? = 0
configure:4270: result: yes
configure:4270: checking netinet/in.h presence
configure:4270: gcc -E  conftest.c
configure:4270: $? = 0
configure:4270: result: yes
configure:4270: checking for netinet/in.h
configure:4270: result: yes
configure:4270: checking for stdlib.h
configure:4270: result: yes
configure:4270: checking for string.h
configure:4270: result: yes
configure:4270: checking sys/socket.h usability
configure:4270: gcc -c -g -O2  conftest.c >&5
configure:4270: $? = 0
configure:4270: result: yes
configure:4270: checking sys/socket.h presence
configure:4270: gcc -E  conftest.c
configure:4270: $? = 0
configure:4270: result: yes
configure:4270: checking for sys/socket.h
configure:4270: result: yes
configure:4270: checking sys/time.h usability
configure:4270: gcc -c -g -O2  conftest.c >&5
configure:4270: $? = 0
configure:4270: result: yes
configure:4270: checking sys/time.h presence
configure:4270: gcc -E  conftest.c
configure:4270: $? = 0
configure:4270: result: yes
configure:4270: checking for sys/time.h
configure:4270: result: yes
configure:4270: checking for unistd.h
configure:4270: result: yes
configure:4282: checking for an ANSI C-conforming const
configure:4347: gcc -c -g -O2  conftest.c >&5
configure:4347: $? = 0
configure:4354: result: yes
configure:4362: checking whether time.h and sys/time.h may both be included
configure:4382: gcc -c -g -O2  conftest.c >&5
configure:4382: $? = 0
configure:4389: result: yes
configure:4397: checking whether struct tm is in sys/time.h or time.h
configure:4417: gcc -c -g -O2  conftest.c >&5
configure:4417: $? = 0
configure:4424: result: time.h
configure:4434: checking for size_t
configure:4434: gcc -c -g -O2  conftest.c >&5
configure:4434: $? = 0
configure:4434: gcc -c -g -O2  conftest.c >&5
conftest.c: In function 'main':
conftest.c:67:21: error: expected expression before ')' token
configure:4434: $? = 1
configure: failed program was:
| /* confdefs.h */
| #define PACKAGE_NAME "didiwiki"
| #define PACKAGE_TARNAME "didiwiki"
| #define PACKAGE_VERSION "1.7.3"
| #define PACKAGE_STRING "didiwiki 1.7.3"
| #define PACKAGE_BUGREPORT "texlexan@gmail.com"
| #define PACKAGE_URL ""
| #define PACKAGE "didiwiki"
| #define VERSION "1.7.3"
| #define HAVE_DIRENT_H 1
| #define STDC_HEADERS 1
| #define HAVE_SYS_WAIT_H 1
| #define HAVE_SYS_TYPES_H 1
| #define HAVE_SYS_STAT_H 1
| #define HAVE_STDLIB_H 1
| #define HAVE_STRING_H 1
| #define HAVE_MEMORY_H 1
| #define HAVE_STRINGS_H 1
| #define HAVE_INTTYPES_H 1
| #define HAVE_STDINT_H 1
| #define HAVE_UNISTD_H 1
| #define HAVE_ARPA_INET_H 1
| #define HAVE_NETINET_IN_H 1
| #define HAVE_STDLIB_H 1
| #define HAVE_STRING_H 1
| #define HAVE_SYS_SOCKET_H 1
| #define HAVE_SYS_TIME_H 1
| #define HAVE_UNISTD_H 1
| #define TIME_WITH_SYS_TIME 1
| /* end confdefs.h.  */
| #include <stdio.h>
| #ifdef HAVE_SYS_TYPES_H
| # include <sys/types.h>
| #endif
| #ifdef HAVE_SYS_STAT_H
| # include <sys/stat.h>
| #endif
| #ifdef STDC_HEADERS
| # include <stdlib.h>
| # include <stddef.h>
| #else
| # ifdef HAVE_STDLIB_H
| #  include <stdlib.h>
| # endif
| #endif
| #ifdef HAVE_STRING_H
| # if !defined STDC_HEADERS && defined HAVE_MEMORY_H
| #  include <memory.h>
| # endif
| # include <string.h>
| #endif
| #ifdef HAVE_STRINGS_H
| # include <strings.h>
| #endif
| #ifdef HAVE_INTTYPES_H
| # include <inttypes.h>
| #endif
| #ifdef HAVE_STDINT_H
| # include <stdint.h>
| #endif
| #ifdef HAVE_UNISTD_H
| # include <unistd.h>
| #endif
| int
| main ()
| {
| if (sizeof ((size_t)))
| 	    return 0;
|   ;
|   return 0;
| }
configure:4434: result: yes
configure:4447: checking for working alloca.h
configure:4464: gcc -o conftest -g -O2   conftest.c  >&5
configure:4464: $? = 0
configure:4472: result: yes
configure:4480: checking for alloca
configure:4517: gcc -o conftest -g -O2   conftest.c  >&5
configure:4517: $? = 0
configure:4525: result: yes
configure:4634: checking for pid_t
configure:4634: gcc -c -g -O2  conftest.c >&5
configure:4634: $? = 0
configure:4634: gcc -c -g -O2  conftest.c >&5
conftest.c: In function 'main':
conftest.c:69:20: error: expected expression before ')' token
configure:4634: $? = 1
configure: failed program was:
| /* confdefs.h */
| #define PACKAGE_NAME "didiwiki"
| #define PACKAGE_TARNAME "didiwiki"
| #define PACKAGE_VERSION "1.7.3"
| #define PACKAGE_STRING "didiwiki 1.7.3"
| #define PACKAGE_BUGREPORT "texlexan@gmail.com"
| #define PACKAGE_URL ""
| #define PACKAGE "didiwiki"
| #define VERSION "1.7.3"
| #define HAVE_DIRENT_H 1
| #define STDC_HEADERS 1
| #define HAVE_SYS_WAIT_H 1
| #define HAVE_SYS_TYPES_H 1
| #define HAVE_SYS_STAT_H 1
| #define HAVE_STDLIB_H 1
| #define HAVE_STRING_H 1
| #define HAVE_MEMORY_H 1
| #define HAVE_STRINGS_H 1
| #define HAVE_INTTYPES_H 1
| #define HAVE_STDINT_H 1
| #define HAVE_UNISTD_H 1
| #define HAVE_ARPA_INET_H 1
| #define HAVE_NETINET_IN_H 1
| #define HAVE_STDLIB_H 1
| #define HAVE_STRING_H 1
| #define HAVE_SYS_SOCKET_H 1
| #define HAVE_SYS_TIME_H 1
| #define HAVE_UNISTD_H 1
| #define TIME_WITH_SYS_TIME 1
| #define HAVE_ALLOCA_H 1
| #define HAVE_ALLOCA 1
| /* end confdefs.h.  */
| #include <stdio.h>
| #ifdef HAVE_SYS_TYPES_H
| # include <sys/types.h>
| #endif
| #ifdef HAVE_SYS_STAT_H
| # include <sys/stat.h>
| #endif
| #ifdef STDC_HEADERS
| # include <stdlib.h>
| # include <stddef.h>
| #else
| # ifdef HAVE_STDLIB_H
| #  include <stdlib.h>
| # endif
| #endif
| #ifdef HAVE_STRING_H
| # if !defined STDC_HEADERS && defined HAVE_MEMORY_H
| #  include <memory.h>
| # endif
| # include <string.h>
| #endif
| #ifdef HAVE_STRINGS_H
| # include <strings.h>
| #endif
| #ifdef HAVE_INTTYPES_H
| # include <inttypes.h>
| #endif
| #ifdef HAVE_STDINT_H
| # include <stdint.h>
| #endif
| #ifdef HAVE_UNISTD_H
| # include <unistd.h>
| #endif
| int
| main ()
| {
| if (sizeof ((pid_t)))
| 	    return 0;
|   ;
|   return 0;
| }
configure:4634: result: yes
configure:4647: checking vfork.h usability
configure:4647: gcc -c -g -O2  conftest.c >&5
conftest.c:66:19: fatal error: vfork.h: No such file or directory
compilation terminated.
configure:4647: $? = 1
configure: failed program was:
| /* confdefs.h */
| #define PACKAGE_NAME "didiwiki"
| #define PACKAGE_TARNAME "didiwiki"
| #define PACKAGE_VERSION "1.7.3"
| #define PACKAGE_STRING "didiwiki 1.7.3"
| #define PACKAGE_BUGREPORT "texlexan@gmail.com"
| #define PACKAGE_URL ""
| #define PACKAGE "didiwiki"
| #define VERSION "1.7.3"
| #define HAVE_DIRENT_H 1
| #define STDC_HEADERS 1
| #define HAVE_SYS_WAIT_H 1
| #define HAVE_SYS_TYPES_H 1
| #define HAVE_SYS_STAT_H 1
| #define HAVE_STDLIB_H 1
| #define HAVE_STRING_H 1
| #define HAVE_MEMORY_H 1
| #define HAVE_STRINGS_H 1
| #define HAVE_INTTYPES_H 1
| #define HAVE_STDINT_H 1
| #define HAVE_UNISTD_H 1
| #define HAVE_ARPA_INET_H 1
| #define HAVE_NETINET_IN_H 1
| #define HAVE_STDLIB_H 1
| #define HAVE_STRING_H 1
| #define HAVE_SYS_SOCKET_H 1
| #define HAVE_SYS_TIME_H 1
| #define HAVE_UNISTD_H 1
| #define TIME_WITH_SYS_TIME 1
| #define HAVE_ALLOCA_H 1
| #define HAVE_ALLOCA 1
| /* end confdefs.h.  */
| #include <stdio.h>
| #ifdef HAVE_SYS_TYPES_H
| # include <sys/types.h>
| #endif
| #ifdef HAVE_SYS_STAT_H
| # include <sys/stat.h>
| #endif
| #ifdef STDC_HEADERS
| # include <stdlib.h>
| # include <stddef.h>
| #else
| # ifdef HAVE_STDLIB_H
| #  include <stdlib.h>
| # endif
| #endif
| #ifdef HAVE_STRING_H
| # if !defined STDC_HEADERS && defined HAVE_MEMORY_H
| #  include <memory.h>
| # endif
| # include <string.h>
| #endif
| #ifdef HAVE_STRINGS_H
| # include <strings.h>
| #endif
| #ifdef HAVE_INTTYPES_H
| # include <inttypes.h>
| #endif
| #ifdef HAVE_STDINT_H
| # include <stdint.h>
| #endif
| #ifdef HAVE_UNISTD_H
| # include <unistd.h>
| #endif
| #include <vfork.h>
configure:4647: result: no
configure:4647: checking vfork.h presence
configure:4647: gcc -E  conftest.c
conftest.c:33:19: fatal error: vfork.h: No such file or directory
compilation terminated.
configure:4647: $? = 1
configure: failed program was:
| /* confdefs.h */
| #define PACKAGE_NAME "didiwiki"
| #define PACKAGE_TARNAME "didiwiki"
| #define PACKAGE_VERSION "1.7.3"
| #define PACKAGE_STRING "didiwiki 1.7.3"
| #define PACKAGE_BUGREPORT "texlexan@gmail.com"
| #define PACKAGE_URL ""
| #define PACKAGE "didiwiki"
| #define VERSION "1.7.3"
| #define HAVE_DIRENT_H 1
| #define STDC_HEADERS 1
| #define HAVE_SYS_WAIT_H 1
| #define HAVE_SYS_TYPES_H 1
| #define HAVE_SYS_STAT_H 1
| #define HAVE_STDLIB_H 1
| #define HAVE_STRING_H 1
| #define HAVE_MEMORY_H 1
| #define HAVE_STRINGS_H 1
| #define HAVE_INTTYPES_H 1
| #define HAVE_STDINT_H 1
| #define HAVE_UNISTD_H 1
| #define HAVE_ARPA_INET_H 1
| #define HAVE_NETINET_IN_H 1
| #define HAVE_STDLIB_H 1
| #define HAVE_STRING_H 1
| #define HAVE_SYS_SOCKET_H 1
| #define HAVE_SYS_TIME_H 1
| #define HAVE_UNISTD_H 1
| #define TIME_WITH_SYS_TIME 1
| #define HAVE_ALLOCA_H 1
| #define HAVE_ALLOCA 1
| /* end confdefs.h.  */
| #include <vfork.h>
configure:4647: result: no
configure:4647: checking for vfork.h
configure:4647: result: no
configure:4660: checking for fork
configure:4660: gcc -o conftest -g -O2   conftest.c  >&5
conftest.c:56:6: warning: conflicting types for built-in function 'fork' [enabled by default]
configure:4660: $? = 0
configure:4660: result: yes
configure:4660: checking for vfork
configure:4660: gcc -o conftest -g -O2   conftest.c  >&5
configure:4660: $? = 0
configure:4660: result: yes
configure:4670: checking for working fork
configure:4692: gcc -o conftest -g -O2   conftest.c  >&5
configure:4692: $? = 0
configure:4692: ./conftest
configure:4692: $? = 0
configure:4702: result: yes
configure:4723: checking for working vfork
configure:4833: result: yes
configure:4861: checking sys/select.h usability
configure:4861: gcc -c -g -O2  conftest.c >&5
configure:4861: $? = 0
configure:4861: result: yes
configure:4861: checking sys/select.h presence
configure:4861: gcc -E  conftest.c
configure:4861: $? = 0
configure:4861: result: yes
configure:4861: checking for sys/select.h
configure:4861: result: yes
configure:4861: checking for sys/socket.h
configure:4861: result: yes
configure:4871: checking types of arguments for select
configure:4899: gcc -c -g -O2  conftest.c >&5
configure:4899: $? = 0
configure:4910: result: int,fd_set *,struct timeval *
configure:4933: checking whether lstat correctly handles trailing slash
configure:4959: gcc -o conftest -g -O2   conftest.c  >&5
configure:4959: $? = 0
configure:4959: ./conftest
configure:4959: $? = 0
configure:4976: result: yes
configure:4995: checking whether stat accepts an empty string
configure:5015: gcc -o conftest -g -O2   conftest.c  >&5
configure:5015: $? = 0
configure:5015: ./conftest
configure:5015: $? = 0
configure:5025: result: no
configure:5043: checking for strftime
configure:5043: gcc -o conftest -g -O2   conftest.c  >&5
conftest.c:66:6: warning: conflicting types for built-in function 'strftime' [enabled by default]
configure:5043: $? = 0
configure:5043: result: yes
configure:5099: checking for asprintf
configure:5099: gcc -o conftest -g -O2   conftest.c  >&5
configure:5099: $? = 0
configure:5099: result: yes
configure:5099: checking for inet_ntoa
configure:5099: gcc -o conftest -g -O2   conftest.c  >&5
configure:5099: $? = 0
configure:5099: result: yes
configure:5099: checking for memset
configure:5099: gcc -o conftest -g -O2   conftest.c  >&5
conftest.c:69:6: warning: conflicting types for built-in function 'memset' [enabled by default]
configure:5099: $? = 0
configure:5099: result: yes
configure:5099: checking for mkdir
configure:5099: gcc -o conftest -g -O2   conftest.c  >&5
configure:5099: $? = 0
configure:5099: result: yes
configure:5099: checking for putenv
configure:5099: gcc -o conftest -g -O2   conftest.c  >&5
configure:5099: $? = 0
configure:5099: result: yes
configure:5099: checking for select
configure:5099: gcc -o conftest -g -O2   conftest.c  >&5
configure:5099: $? = 0
configure:5099: result: yes
configure:5099: checking for socket
configure:5099: gcc -o conftest -g -O2   conftest.c  >&5
configure:5099: $? = 0
configure:5099: result: yes
configure:5099: checking for strdup
configure:5099: gcc -o conftest -g -O2   conftest.c  >&5
conftest.c:74:6: warning: conflicting types for built-in function 'strdup' [enabled by default]
configure:5099: $? = 0
configure:5099: result: yes
configure:5099: checking for strncasecmp
configure:5099: gcc -o conftest -g -O2   conftest.c  >&5
conftest.c:75:6: warning: conflicting types for built-in function 'strncasecmp' [enabled by default]
configure:5099: $? = 0
configure:5099: result: yes
configure:5247: creating ./config.status

## ---------------------- ##
## Running config.status. ##
## ---------------------- ##

This file was extended by didiwiki config.status 1.7.3, which was
generated by GNU Autoconf 2.68.  Invocation command line was

  CONFIG_FILES    = 
  CONFIG_HEADERS  = 
  CONFIG_LINKS    = 
  CONFIG_COMMANDS = 
  $ ./config.status 

on inphilly-HP

config.status:895: creating Makefile
config.status:895: creating src/Makefile
config.status:895: creating config.h
config.status:1076: config.h is unchanged
config.status:1124: executing depfiles commands

## ---------------- ##
## Cache variables. ##
## ---------------- ##

ac_cv_c_compiler_gnu=yes
ac_cv_c_const=yes
ac_cv_env_CC_set=
ac_cv_env_CC_value=
ac_cv_env_CFLAGS_set=
ac_cv_env_CFLAGS_value=
ac_cv_env_CPPFLAGS_set=
ac_cv_env_CPPFLAGS_value=
ac_cv_env_CPP_set=
ac_cv_env_CPP_value=
ac_cv_env_LDFLAGS_set=
ac_cv_env_LDFLAGS_value=
ac_cv_env_LIBS_set=
ac_cv_env_LIBS_value=
ac_cv_env_build_alias_set=
ac_cv_env_build_alias_value=
ac_cv_env_host_alias_set=
ac_cv_env_host_alias_value=
ac_cv_env_target_alias_set=
ac_cv_env_target_alias_value=
ac_cv_func_alloca_works=yes
ac_cv_func_asprintf=yes
ac_cv_func_fork=yes
ac_cv_func_fork_works=yes
ac_cv_func_inet_ntoa=yes
ac_cv_func_lstat_dereferences_slashed_symlink=yes
ac_cv_func_memset=yes
ac_cv_func_mkdir=yes
ac_cv_func_putenv=yes
ac_cv_func_select=yes
ac_cv_func_select_args='int,fd_set *,struct timeval *'
ac_cv_func_socket=yes
ac_cv_func_stat_empty_string_bug=no
ac_cv_func_strdup=yes
ac_cv_func_strftime=yes
ac_cv_func_strncasecmp=yes
ac_cv_func_vfork=yes
ac_cv_func_vfork_works=yes
ac_cv_header_arpa_inet_h=yes
ac_cv_header_dirent_dirent_h=yes
ac_cv_header_inttypes_h=yes
ac_cv_header_memory_h=yes
ac_cv_header_netinet_in_h=yes
ac_cv_header_stdc=yes
ac_cv_header_stdint_h=yes
ac_cv_header_stdlib_h=yes
ac_cv_header_string_h=yes
ac_cv_header_strings_h=yes
ac_cv_header_sys_select_h=yes
ac_cv_header_sys_socket_h=yes
ac_cv_header_sys_stat_h=yes
ac_cv_header_sys_time_h=yes
ac_cv_header_sys_types_h=yes
ac_cv_header_sys_wait_h=yes
ac_cv_header_time=yes
ac_cv_header_unistd_h=yes
ac_cv_header_vfork_h=no
ac_cv_objext=o
ac_cv_path_EGREP='/bin/grep -E'
ac_cv_path_GREP=/bin/grep
ac_cv_path_install='/usr/bin/install -c'
ac_cv_path_mkdir=/bin/mkdir
ac_cv_prog_AWK=gawk
ac_cv_prog_CPP='gcc -E'
ac_cv_prog_ac_ct_CC=gcc
ac_cv_prog_cc_c89=
ac_cv_prog_cc_g=yes
ac_cv_prog_make_make_set=yes
ac_cv_search_opendir='none required'
ac_cv_struct_tm=time.h
ac_cv_type_pid_t=yes
ac_cv_type_size_t=yes
ac_cv_working_alloca_h=yes
am_cv_CC_dependencies_compiler_type=gcc3

## ----------------- ##
## Output variables. ##
## ----------------- ##

ACLOCAL='${SHELL} /home/developper/Coding/wiki/ciwiki-1.7.3/missing --run aclocal-1.11'
ALLOCA=''
AMDEPBACKSLASH='\'
AMDEP_FALSE='#'
AMDEP_TRUE=''
AMTAR='$${TAR-tar}'
AUTOCONF='${SHELL} /home/developper/Coding/wiki/ciwiki-1.7.3/missing --run autoconf'
AUTOHEADER='${SHELL} /home/developper/Coding/wiki/ciwiki-1.7.3/missing --run autoheader'
AUTOMAKE='${SHELL} /home/developper/Coding/wiki/ciwiki-1.7.3/missing --run automake-1.11'
AWK='gawk'
CC='gcc'
CCDEPMODE='depmode=gcc3'
CFLAGS='-g -O2'
CPP='gcc -E'
CPPFLAGS=''
CYGPATH_W='echo'
DEFS='-DHAVE_CONFIG_H'
DEPDIR='.deps'
ECHO_C=''
ECHO_N='-n'
ECHO_T=''
EGREP='/bin/grep -E'
EXEEXT=''
GCC_FLAGS='-g -Wall -fno-strict-aliasing'
GREP='/bin/grep'
INSTALL_DATA='${INSTALL} -m 644'
INSTALL_PROGRAM='${INSTALL}'
INSTALL_SCRIPT='${INSTALL}'
INSTALL_STRIP_PROGRAM='$(install_sh) -c -s'
LDFLAGS=''
LIBOBJS=''
LIBS=''
LTLIBOBJS=''
MAKEINFO='${SHELL} /home/developper/Coding/wiki/ciwiki-1.7.3/missing --run makeinfo'
MKDIR_P='/bin/mkdir -p'
OBJEXT='o'
PACKAGE='didiwiki'
PACKAGE_BUGREPORT='texlexan@gmail.com'
PACKAGE_NAME='didiwiki'
PACKAGE_STRING='didiwiki 1.7.3'
PACKAGE_TARNAME='didiwiki'
PACKAGE_URL=''
PACKAGE_VERSION='1.7.3'
PATH_SEPARATOR=':'
SET_MAKE=''
SHELL='/bin/bash'
STRIP=''
VERSION='1.7.3'
ac_ct_CC='gcc'
am__EXEEXT_FALSE=''
am__EXEEXT_TRUE='#'
am__fastdepCC_FALSE='#'
am__fastdepCC_TRUE=''
am__include='include'
am__isrc=''
am__leading_dot='.'
am__nodep='_no'
am__quote=''
am__tar='$${TAR-tar} chof - "$$tardir"'
am__untar='$${TAR-tar} xf -'
bindir='${exec_prefix}/bin'
build_alias=''
datadir='${datarootdir}'
datarootdir='${prefix}/share'
docdir='${datarootdir}/doc/${PACKAGE_TARNAME}'
dvidir='${docdir}'
exec_prefix='${prefix}'
host_alias=''
htmldir='${docdir}'
includedir='${prefix}/include'
infodir='${datarootdir}/info'
install_sh='${SHELL} /home/developper/Coding/wiki/ciwiki-1.7.3/install-sh'
libdir='${exec_prefix}/lib'
libexecdir='${exec_prefix}/libexec'
localedir='${datarootdir}/locale'
localstatedir='${prefix}/var'
mandir='${datarootdir}/man'
mkdir_p='/bin/mkdir -p'
oldincludedir='/usr/include'
pdfdir='${docdir}'
prefix='/usr/local'
program_transform_name='s,x,x,'
psdir='${docdir}'
sbindir='${exec_prefix}/sbin'
sharedstatedir='${prefix}/com'
sysconfdir='${prefix}/etc'
target_alias=''

## ----------- ##
## confdefs.h. ##
## ----------- ##

/* confdefs.h */
#define PACKAGE_NAME "didiwiki"
#define PACKAGE_TARNAME "didiwiki"
#define PACKAGE_VERSION "1.7.3"
#define PACKAGE_STRING "didiwiki 1.7.3"
#define PACKAGE_BUGREPORT "texlexan@gmail.com"
#define PACKAGE_URL ""
#define PACKAGE "didiwiki"
#define VERSION "1.7.3"
#define HAVE_DIRENT_H 1
#define STDC_HEADERS 1
#define HAVE_SYS_WAIT_H 1
#define HAVE_SYS_TYPES_H 1
#define HAVE_SYS_STAT_H 1
#define HAVE_STDLIB_H 1
#define HAVE_STRING_H 1
#define HAVE_MEMORY_H 1
#define HAVE_STRINGS_H 1
#define HAVE_INTTYPES_H 1
#define HAVE_STDINT_H 1
#define HAVE_UNISTD_H 1
#define HAVE_ARPA_INET_H 1
#define HAVE_NETINET_IN_H 1
#define HAVE_STDLIB_H 1
#define HAVE_STRING_H 1
#define HAVE_SYS_SOCKET_H 1
#define HAVE_SYS_TIME_H 1
#define HAVE_UNISTD_H 1
#define TIME_WITH_SYS_TIME 1
#define HAVE_ALLOCA_H 1
#define HAVE_ALLOCA 1
#define HAVE_FORK 1
#define HAVE_VFORK 1
#define HAVE_WORKING_VFORK 1
#define HAVE_WORKING_FORK 1
#define HAVE_SYS_SELECT_H 1
#define HAVE_SYS_SOCKET_H 1
#define SELECT_TYPE_ARG1 int
#define SELECT_TYPE_ARG234 (fd_set *)
#define SELECT_TYPE_ARG5 (struct timeval *)
#define LSTAT_FOLLOWS_SLASHED_SYMLINK 1
#define HAVE_STRFTIME 1
#define HAVE_ASPRINTF 1
#define HAVE_INET_NTOA 1
#define HAVE_MEMSET 1
#define HAVE_MKDIR 1
#define HAVE_PUTENV 1
#define HAVE_SELECT 1
#define HAVE_SOCKET 1
#define HAVE_STRDUP 1
#define HAVE_STRNCASECMP 1

configure: exit 0
